[0m12:30:32.922958 [debug] [MainThread]: Sending event: {'category': 'dbt', 'action': 'invocation', 'label': 'start', 'context': [<snowplow_tracker.self_describing_json.SelfDescribingJson object at 0x7f3f23a968e0>, <snowplow_tracker.self_describing_json.SelfDescribingJson object at 0x7f3f22bc8790>, <snowplow_tracker.self_describing_json.SelfDescribingJson object at 0x7f3f22bc8e80>]}


============================== 12:30:32.932264 | 4674e241-ce61-45d5-9955-aac8b70fb423 ==============================
[0m12:30:32.932264 [info ] [MainThread]: Running with dbt=1.9.3
[0m12:30:32.933438 [debug] [MainThread]: running dbt with arguments {'printer_width': '80', 'indirect_selection': 'eager', 'log_cache_events': 'False', 'write_json': 'True', 'partial_parse': 'True', 'cache_selected_only': 'False', 'warn_error': 'None', 'version_check': 'True', 'profiles_dir': '/home/jom/.dbt', 'log_path': 'logs', 'fail_fast': 'False', 'debug': 'False', 'use_colors': 'True', 'use_experimental_parser': 'False', 'no_print': 'None', 'quiet': 'False', 'empty': 'None', 'warn_error_options': 'WarnErrorOptions(include=[], exclude=[])', 'static_parser': 'True', 'invocation_command': 'dbt init dbt_core_1', 'introspect': 'True', 'target_path': 'None', 'log_format': 'default', 'send_anonymous_usage_stats': 'True'}
[0m12:30:32.945627 [warn ] [MainThread]: [ConfigFolderDirectory]: Unable to parse logging event dictionary. Failed to parse dir field: expected string or bytes-like object.. Dictionary: {'dir': PosixPath('/home/jom/.dbt')}
[0m12:30:32.946472 [info ] [MainThread]: Creating dbt configuration folder at 
[0m12:30:32.948630 [debug] [MainThread]: Starter project path: /home/jom/dep_project1/dez-project/dbt_core/lib/python3.9/site-packages/dbt/include/starter_project
[0m12:30:32.953105 [info ] [MainThread]: 
Your new dbt project "dbt_core_1" was created!

For more information on how to configure the profiles.yml file,
please consult the dbt documentation here:

  https://docs.getdbt.com/docs/configure-your-profile

One more thing:

Need help? Don't hesitate to reach out to us via GitHub issues or on Slack:

  https://community.getdbt.com/

Happy modeling!

[0m12:30:32.954187 [info ] [MainThread]: Setting up your profile.
[0m12:59:02.130502 [info ] [MainThread]: Profile dbt_core_1 written to /home/jom/.dbt/profiles.yml using target's profile_template.yml and your supplied values. Run 'dbt debug' to validate the connection.
[0m12:59:02.133187 [debug] [MainThread]: Resource report: {"command_name": "init", "command_success": true, "command_wall_clock_time": 1709.3033, "process_in_blocks": "0", "process_kernel_time": 0.224827, "process_mem_max_rss": "190152", "process_out_blocks": "80", "process_user_time": 3.434866}
[0m12:59:02.134408 [debug] [MainThread]: Command `dbt init` succeeded at 12:59:02.134018 after 1709.30 seconds
[0m12:59:02.135432 [debug] [MainThread]: Sending event: {'category': 'dbt', 'action': 'invocation', 'label': 'end', 'context': [<snowplow_tracker.self_describing_json.SelfDescribingJson object at 0x7f3f23a968e0>, <snowplow_tracker.self_describing_json.SelfDescribingJson object at 0x7f3f22bb4ac0>, <snowplow_tracker.self_describing_json.SelfDescribingJson object at 0x7f3f238b9b50>]}
[0m12:59:02.136582 [debug] [MainThread]: Flushing usage events
[0m12:59:02.303379 [debug] [MainThread]: An error was encountered while trying to flush usage events
[0m13:00:26.401211 [debug] [MainThread]: Sending event: {'category': 'dbt', 'action': 'invocation', 'label': 'start', 'context': [<snowplow_tracker.self_describing_json.SelfDescribingJson object at 0x7f305fadc970>, <snowplow_tracker.self_describing_json.SelfDescribingJson object at 0x7f305f9875e0>, <snowplow_tracker.self_describing_json.SelfDescribingJson object at 0x7f305ec0e100>]}


============================== 13:00:26.411306 | ebca790c-dbcf-41f0-bddb-4cf00638da62 ==============================
[0m13:00:26.411306 [info ] [MainThread]: Running with dbt=1.9.3
[0m13:00:26.412447 [debug] [MainThread]: running dbt with arguments {'printer_width': '80', 'indirect_selection': 'eager', 'log_cache_events': 'False', 'write_json': 'True', 'partial_parse': 'True', 'cache_selected_only': 'False', 'warn_error': 'None', 'version_check': 'True', 'profiles_dir': '/home/jom/.dbt', 'log_path': 'logs', 'debug': 'False', 'fail_fast': 'False', 'use_colors': 'True', 'use_experimental_parser': 'False', 'no_print': 'None', 'quiet': 'False', 'empty': 'None', 'warn_error_options': 'WarnErrorOptions(include=[], exclude=[])', 'static_parser': 'True', 'log_format': 'default', 'introspect': 'True', 'target_path': 'None', 'invocation_command': 'dbt debug', 'send_anonymous_usage_stats': 'True'}
[0m13:00:26.425211 [info ] [MainThread]: dbt version: 1.9.3
[0m13:00:26.426024 [info ] [MainThread]: python version: 3.9.7
[0m13:00:26.426604 [info ] [MainThread]: python path: /home/jom/dep_project1/dez-project/dbt_core/bin/python
[0m13:00:26.427126 [info ] [MainThread]: os info: Linux-5.15.0-1078-gcp-x86_64-with-glibc2.31
[0m13:00:27.407526 [info ] [MainThread]: Using profiles dir at /home/jom/.dbt
[0m13:00:27.408551 [info ] [MainThread]: Using profiles.yml file at /home/jom/.dbt/profiles.yml
[0m13:00:27.409223 [info ] [MainThread]: Using dbt_project.yml file at /home/jom/dep_project1/dez-project/dbt_core/dbt_project.yml
[0m13:00:27.409925 [info ] [MainThread]: adapter type: bigquery
[0m13:00:27.410493 [info ] [MainThread]: adapter version: 1.9.1
[0m13:00:27.411107 [info ] [MainThread]: Configuration:
[0m13:00:27.411676 [info ] [MainThread]:   profiles.yml file [[32mOK found and valid[0m]
[0m13:00:27.412236 [info ] [MainThread]:   dbt_project.yml file [[31mERROR not found[0m]
[0m13:00:27.412812 [info ] [MainThread]: Required dependencies:
[0m13:00:27.413547 [debug] [MainThread]: Executing "git --help"
[0m13:00:27.428819 [debug] [MainThread]: STDOUT: "b"usage: git [--version] [--help] [-C <path>] [-c <name>=<value>]\n           [--exec-path[=<path>]] [--html-path] [--man-path] [--info-path]\n           [-p | --paginate | -P | --no-pager] [--no-replace-objects] [--bare]\n           [--git-dir=<path>] [--work-tree=<path>] [--namespace=<name>]\n           <command> [<args>]\n\nThese are common Git commands used in various situations:\n\nstart a working area (see also: git help tutorial)\n   clone             Clone a repository into a new directory\n   init              Create an empty Git repository or reinitialize an existing one\n\nwork on the current change (see also: git help everyday)\n   add               Add file contents to the index\n   mv                Move or rename a file, a directory, or a symlink\n   restore           Restore working tree files\n   rm                Remove files from the working tree and from the index\n   sparse-checkout   Initialize and modify the sparse-checkout\n\nexamine the history and state (see also: git help revisions)\n   bisect            Use binary search to find the commit that introduced a bug\n   diff              Show changes between commits, commit and working tree, etc\n   grep              Print lines matching a pattern\n   log               Show commit logs\n   show              Show various types of objects\n   status            Show the working tree status\n\ngrow, mark and tweak your common history\n   branch            List, create, or delete branches\n   commit            Record changes to the repository\n   merge             Join two or more development histories together\n   rebase            Reapply commits on top of another base tip\n   reset             Reset current HEAD to the specified state\n   switch            Switch branches\n   tag               Create, list, delete or verify a tag object signed with GPG\n\ncollaborate (see also: git help workflows)\n   fetch             Download objects and refs from another repository\n   pull              Fetch from and integrate with another repository or a local branch\n   push              Update remote refs along with associated objects\n\n'git help -a' and 'git help -g' list available subcommands and some\nconcept guides. See 'git help <command>' or 'git help <concept>'\nto read about a specific subcommand or concept.\nSee 'git help git' for an overview of the system.\n""
[0m13:00:27.430390 [debug] [MainThread]: STDERR: "b''"
[0m13:00:27.431101 [info ] [MainThread]:  - git [[32mOK found[0m]

[0m13:00:27.431708 [info ] [MainThread]: Connection:
[0m13:00:27.432383 [info ] [MainThread]:   method: oauth
[0m13:00:27.432898 [info ] [MainThread]:   database: dataengineeringproject-454111
[0m13:00:27.433434 [info ] [MainThread]:   execution_project: dataengineeringproject-454111
[0m13:00:27.433927 [info ] [MainThread]:   schema: test_dataset_kestra
[0m13:00:27.434405 [info ] [MainThread]:   location: US
[0m13:00:27.434877 [info ] [MainThread]:   priority: interactive
[0m13:00:27.435349 [info ] [MainThread]:   maximum_bytes_billed: None
[0m13:00:27.435821 [info ] [MainThread]:   impersonate_service_account: None
[0m13:00:27.436391 [info ] [MainThread]:   job_retry_deadline_seconds: None
[0m13:00:27.436902 [info ] [MainThread]:   job_retries: 1
[0m13:00:27.437619 [info ] [MainThread]:   job_creation_timeout_seconds: None
[0m13:00:27.438162 [info ] [MainThread]:   job_execution_timeout_seconds: 300
[0m13:00:27.438759 [info ] [MainThread]:   timeout_seconds: 300
[0m13:00:27.439382 [info ] [MainThread]:   client_id: None
[0m13:00:27.439912 [info ] [MainThread]:   token_uri: None
[0m13:00:27.440444 [info ] [MainThread]:   dataproc_region: None
[0m13:00:27.441349 [info ] [MainThread]:   dataproc_cluster_name: None
[0m13:00:27.442055 [info ] [MainThread]:   gcs_bucket: None
[0m13:00:27.442666 [info ] [MainThread]:   dataproc_batch: None
[0m13:00:27.443996 [info ] [MainThread]: Registered adapter: bigquery=1.9.1
[0m13:00:27.761010 [debug] [MainThread]: Acquiring new bigquery connection 'debug'
[0m13:00:27.762039 [debug] [MainThread]: On debug: select 1 as id
[0m13:00:27.762785 [debug] [MainThread]: Opening a new connection, currently in state init
[0m13:00:27.931804 [debug] [MainThread]: BigQuery adapter: https://console.cloud.google.com/bigquery?project=dataengineeringproject-454111&j=bq:US:e4818538-cef2-401a-907b-aad51b065786&page=queryresults
[0m13:00:27.932851 [error] [MainThread]: BigQuery adapter: https://console.cloud.google.com/bigquery?project=dataengineeringproject-454111&j=bq:US:e4818538-cef2-401a-907b-aad51b065786&page=queryresults
[0m13:00:27.934537 [info ] [MainThread]:   Connection test: [[31mERROR[0m]

[0m13:00:27.935363 [info ] [MainThread]: [31m2 checks failed:[0m
[0m13:00:27.935979 [info ] [MainThread]: Project loading failed for the following reason:
 project path </home/jom/dep_project1/dez-project/dbt_core/dbt_project.yml> not found

[0m13:00:27.936551 [info ] [MainThread]: dbt was unable to connect to the specified database.
The database returned the following error:

  >Database Error
  Access Denied: BigQuery BigQuery: Missing required OAuth scope. Need BigQuery or Cloud Platform read scope.

Check your database credentials and try again. For more information, visit:
https://docs.getdbt.com/docs/configure-your-profile


[0m13:00:27.938145 [debug] [MainThread]: Resource report: {"command_name": "debug", "command_success": false, "command_wall_clock_time": 1.6300448, "process_in_blocks": "0", "process_kernel_time": 0.336558, "process_mem_max_rss": "193204", "process_out_blocks": "24", "process_user_time": 3.543952}
[0m13:00:27.938917 [debug] [MainThread]: Command `dbt debug` failed at 13:00:27.938723 after 1.63 seconds
[0m13:00:27.939548 [debug] [MainThread]: Connection 'debug' was properly closed.
[0m13:00:27.940376 [debug] [MainThread]: Sending event: {'category': 'dbt', 'action': 'invocation', 'label': 'end', 'context': [<snowplow_tracker.self_describing_json.SelfDescribingJson object at 0x7f305fadc970>, <snowplow_tracker.self_describing_json.SelfDescribingJson object at 0x7f30460270d0>, <snowplow_tracker.self_describing_json.SelfDescribingJson object at 0x7f3060af6bb0>]}
[0m13:00:27.941223 [debug] [MainThread]: Flushing usage events
[0m13:00:28.099185 [debug] [MainThread]: An error was encountered while trying to flush usage events
[0m13:05:32.644646 [debug] [MainThread]: Sending event: {'category': 'dbt', 'action': 'invocation', 'label': 'start', 'context': [<snowplow_tracker.self_describing_json.SelfDescribingJson object at 0x7f80319d19a0>, <snowplow_tracker.self_describing_json.SelfDescribingJson object at 0x7f8032869c70>, <snowplow_tracker.self_describing_json.SelfDescribingJson object at 0x7f8032869c10>]}


============================== 13:05:32.651286 | dc000092-2ad6-4dce-b1a0-31caef16b198 ==============================
[0m13:05:32.651286 [info ] [MainThread]: Running with dbt=1.9.3
[0m13:05:32.652487 [debug] [MainThread]: running dbt with arguments {'printer_width': '80', 'indirect_selection': 'eager', 'write_json': 'True', 'log_cache_events': 'False', 'partial_parse': 'True', 'cache_selected_only': 'False', 'warn_error': 'None', 'debug': 'False', 'version_check': 'True', 'log_path': 'logs', 'profiles_dir': '/home/jom/.dbt', 'fail_fast': 'False', 'use_colors': 'True', 'use_experimental_parser': 'False', 'empty': 'None', 'quiet': 'False', 'no_print': 'None', 'log_format': 'default', 'invocation_command': 'dbt debug', 'warn_error_options': 'WarnErrorOptions(include=[], exclude=[])', 'introspect': 'True', 'target_path': 'None', 'static_parser': 'True', 'send_anonymous_usage_stats': 'True'}
[0m13:05:32.667666 [info ] [MainThread]: dbt version: 1.9.3
[0m13:05:32.668527 [info ] [MainThread]: python version: 3.9.7
[0m13:05:32.669261 [info ] [MainThread]: python path: /home/jom/dep_project1/dez-project/dbt_core/bin/python
[0m13:05:32.669957 [info ] [MainThread]: os info: Linux-5.15.0-1078-gcp-x86_64-with-glibc2.31
[0m13:05:32.671241 [error] [MainThread]: Encountered an error:
Runtime Error
  Syntax error near line 4
  ------------------------------
  1  | dbt_core_1:
  2  | target: test
  3  | 
  4  |   outputs:
  5  |     test:
  6  |       type: bigquery
  7  |       method: service-account
  
  Raw Error:
  ------------------------------
  mapping values are not allowed in this context
    in "<unicode string>", line 4, column 10
[0m13:05:32.672854 [debug] [MainThread]: Resource report: {"command_name": "debug", "command_success": false, "command_wall_clock_time": 0.039611418, "process_in_blocks": "0", "process_kernel_time": 0.12825, "process_mem_max_rss": "84560", "process_out_blocks": "16", "process_user_time": 1.850165}
[0m13:05:32.673730 [debug] [MainThread]: Command `dbt debug` failed at 13:05:32.673521 after 0.04 seconds
[0m13:05:32.674590 [debug] [MainThread]: Sending event: {'category': 'dbt', 'action': 'invocation', 'label': 'end', 'context': [<snowplow_tracker.self_describing_json.SelfDescribingJson object at 0x7f80319d19a0>, <snowplow_tracker.self_describing_json.SelfDescribingJson object at 0x7f8030b12fd0>, <snowplow_tracker.self_describing_json.SelfDescribingJson object at 0x7f8032869bb0>]}
[0m13:05:32.675369 [debug] [MainThread]: Flushing usage events
[0m13:05:32.846685 [debug] [MainThread]: An error was encountered while trying to flush usage events
[0m13:06:02.521980 [debug] [MainThread]: Sending event: {'category': 'dbt', 'action': 'invocation', 'label': 'start', 'context': [<snowplow_tracker.self_describing_json.SelfDescribingJson object at 0x7f5bc72239d0>, <snowplow_tracker.self_describing_json.SelfDescribingJson object at 0x7f5bc80bbc70>, <snowplow_tracker.self_describing_json.SelfDescribingJson object at 0x7f5bc80bbbb0>]}


============================== 13:06:02.528507 | 7eb1c21b-d3c1-4690-af0a-2931925d3225 ==============================
[0m13:06:02.528507 [info ] [MainThread]: Running with dbt=1.9.3
[0m13:06:02.529676 [debug] [MainThread]: running dbt with arguments {'printer_width': '80', 'indirect_selection': 'eager', 'log_cache_events': 'False', 'write_json': 'True', 'partial_parse': 'True', 'cache_selected_only': 'False', 'warn_error': 'None', 'version_check': 'True', 'fail_fast': 'False', 'log_path': 'logs', 'profiles_dir': '/home/jom/.dbt', 'debug': 'False', 'use_colors': 'True', 'use_experimental_parser': 'False', 'no_print': 'None', 'quiet': 'False', 'empty': 'None', 'log_format': 'default', 'static_parser': 'True', 'invocation_command': 'dbt debug', 'introspect': 'True', 'target_path': 'None', 'warn_error_options': 'WarnErrorOptions(include=[], exclude=[])', 'send_anonymous_usage_stats': 'True'}
[0m13:06:02.544152 [info ] [MainThread]: dbt version: 1.9.3
[0m13:06:02.544995 [info ] [MainThread]: python version: 3.9.7
[0m13:06:02.545711 [info ] [MainThread]: python path: /home/jom/dep_project1/dez-project/dbt_core/bin/python
[0m13:06:02.546318 [info ] [MainThread]: os info: Linux-5.15.0-1078-gcp-x86_64-with-glibc2.31
[0m13:06:02.547645 [error] [MainThread]: Encountered an error:
Runtime Error
  Syntax error near line 11
  ------------------------------
  8  |       keyfile: /home/jom/.keys/creds-dbt.json
  9  |       project: dataengineeringproject-454111
  10 |       dataset:test_dataset_kestra
  11 |       threads: 1
  12 |       timeout_seconds: 300
  13 |       location: US
  14 |       priority: interactive
  
  Raw Error:
  ------------------------------
  while scanning a simple key
    in "<unicode string>", line 10, column 7
  could not find expected ':'
    in "<unicode string>", line 11, column 7
[0m13:06:02.549271 [debug] [MainThread]: Resource report: {"command_name": "debug", "command_success": false, "command_wall_clock_time": 0.038788933, "process_in_blocks": "0", "process_kernel_time": 0.084053, "process_mem_max_rss": "84536", "process_out_blocks": "8", "process_user_time": 1.90343}
[0m13:06:02.550170 [debug] [MainThread]: Command `dbt debug` failed at 13:06:02.549961 after 0.04 seconds
[0m13:06:02.550960 [debug] [MainThread]: Sending event: {'category': 'dbt', 'action': 'invocation', 'label': 'end', 'context': [<snowplow_tracker.self_describing_json.SelfDescribingJson object at 0x7f5bc72239d0>, <snowplow_tracker.self_describing_json.SelfDescribingJson object at 0x7f5bc6370040>, <snowplow_tracker.self_describing_json.SelfDescribingJson object at 0x7f5bc9b496a0>]}
[0m13:06:02.551831 [debug] [MainThread]: Flushing usage events
[0m13:06:02.694924 [debug] [MainThread]: An error was encountered while trying to flush usage events
[0m13:06:31.870647 [debug] [MainThread]: Sending event: {'category': 'dbt', 'action': 'invocation', 'label': 'start', 'context': [<snowplow_tracker.self_describing_json.SelfDescribingJson object at 0x7f39dbbd7970>, <snowplow_tracker.self_describing_json.SelfDescribingJson object at 0x7f39dba825e0>, <snowplow_tracker.self_describing_json.SelfDescribingJson object at 0x7f39dad091f0>]}


============================== 13:06:31.880391 | 24d0cf81-a383-47cc-938b-ff8060c516e8 ==============================
[0m13:06:31.880391 [info ] [MainThread]: Running with dbt=1.9.3
[0m13:06:31.881681 [debug] [MainThread]: running dbt with arguments {'printer_width': '80', 'indirect_selection': 'eager', 'log_cache_events': 'False', 'write_json': 'True', 'partial_parse': 'True', 'cache_selected_only': 'False', 'warn_error': 'None', 'debug': 'False', 'fail_fast': 'False', 'log_path': 'logs', 'profiles_dir': '/home/jom/.dbt', 'version_check': 'True', 'use_colors': 'True', 'use_experimental_parser': 'False', 'empty': 'None', 'quiet': 'False', 'no_print': 'None', 'log_format': 'default', 'invocation_command': 'dbt debug', 'warn_error_options': 'WarnErrorOptions(include=[], exclude=[])', 'static_parser': 'True', 'target_path': 'None', 'introspect': 'True', 'send_anonymous_usage_stats': 'True'}
[0m13:06:31.894630 [info ] [MainThread]: dbt version: 1.9.3
[0m13:06:31.895387 [info ] [MainThread]: python version: 3.9.7
[0m13:06:31.895970 [info ] [MainThread]: python path: /home/jom/dep_project1/dez-project/dbt_core/bin/python
[0m13:06:31.896500 [info ] [MainThread]: os info: Linux-5.15.0-1078-gcp-x86_64-with-glibc2.31
[0m13:06:32.879753 [info ] [MainThread]: Using profiles dir at /home/jom/.dbt
[0m13:06:32.880685 [info ] [MainThread]: Using profiles.yml file at /home/jom/.dbt/profiles.yml
[0m13:06:32.881263 [info ] [MainThread]: Using dbt_project.yml file at /home/jom/dep_project1/dez-project/dbt_core/dbt_project.yml
[0m13:06:32.881840 [info ] [MainThread]: adapter type: bigquery
[0m13:06:32.882321 [info ] [MainThread]: adapter version: 1.9.1
[0m13:06:32.882868 [info ] [MainThread]: Configuration:
[0m13:06:32.883344 [info ] [MainThread]:   profiles.yml file [[32mOK found and valid[0m]
[0m13:06:32.883810 [info ] [MainThread]:   dbt_project.yml file [[31mERROR not found[0m]
[0m13:06:32.884274 [info ] [MainThread]: Required dependencies:
[0m13:06:32.884781 [debug] [MainThread]: Executing "git --help"
[0m13:06:32.900276 [debug] [MainThread]: STDOUT: "b"usage: git [--version] [--help] [-C <path>] [-c <name>=<value>]\n           [--exec-path[=<path>]] [--html-path] [--man-path] [--info-path]\n           [-p | --paginate | -P | --no-pager] [--no-replace-objects] [--bare]\n           [--git-dir=<path>] [--work-tree=<path>] [--namespace=<name>]\n           <command> [<args>]\n\nThese are common Git commands used in various situations:\n\nstart a working area (see also: git help tutorial)\n   clone             Clone a repository into a new directory\n   init              Create an empty Git repository or reinitialize an existing one\n\nwork on the current change (see also: git help everyday)\n   add               Add file contents to the index\n   mv                Move or rename a file, a directory, or a symlink\n   restore           Restore working tree files\n   rm                Remove files from the working tree and from the index\n   sparse-checkout   Initialize and modify the sparse-checkout\n\nexamine the history and state (see also: git help revisions)\n   bisect            Use binary search to find the commit that introduced a bug\n   diff              Show changes between commits, commit and working tree, etc\n   grep              Print lines matching a pattern\n   log               Show commit logs\n   show              Show various types of objects\n   status            Show the working tree status\n\ngrow, mark and tweak your common history\n   branch            List, create, or delete branches\n   commit            Record changes to the repository\n   merge             Join two or more development histories together\n   rebase            Reapply commits on top of another base tip\n   reset             Reset current HEAD to the specified state\n   switch            Switch branches\n   tag               Create, list, delete or verify a tag object signed with GPG\n\ncollaborate (see also: git help workflows)\n   fetch             Download objects and refs from another repository\n   pull              Fetch from and integrate with another repository or a local branch\n   push              Update remote refs along with associated objects\n\n'git help -a' and 'git help -g' list available subcommands and some\nconcept guides. See 'git help <command>' or 'git help <concept>'\nto read about a specific subcommand or concept.\nSee 'git help git' for an overview of the system.\n""
[0m13:06:32.901831 [debug] [MainThread]: STDERR: "b''"
[0m13:06:32.902501 [info ] [MainThread]:  - git [[32mOK found[0m]

[0m13:06:32.903162 [info ] [MainThread]: Connection:
[0m13:06:32.903975 [info ] [MainThread]:   method: service-account
[0m13:06:32.904514 [info ] [MainThread]:   database: dataengineeringproject-454111
[0m13:06:32.905042 [info ] [MainThread]:   execution_project: dataengineeringproject-454111
[0m13:06:32.905658 [info ] [MainThread]:   schema: test_dataset_kestra
[0m13:06:32.906215 [info ] [MainThread]:   location: US
[0m13:06:32.906749 [info ] [MainThread]:   priority: interactive
[0m13:06:32.907298 [info ] [MainThread]:   maximum_bytes_billed: None
[0m13:06:32.907842 [info ] [MainThread]:   impersonate_service_account: None
[0m13:06:32.908473 [info ] [MainThread]:   job_retry_deadline_seconds: None
[0m13:06:32.908995 [info ] [MainThread]:   job_retries: 1
[0m13:06:32.909628 [info ] [MainThread]:   job_creation_timeout_seconds: None
[0m13:06:32.910196 [info ] [MainThread]:   job_execution_timeout_seconds: 300
[0m13:06:32.910697 [info ] [MainThread]:   timeout_seconds: 300
[0m13:06:32.911254 [info ] [MainThread]:   client_id: None
[0m13:06:32.911842 [info ] [MainThread]:   token_uri: None
[0m13:06:32.912426 [info ] [MainThread]:   dataproc_region: None
[0m13:06:32.913094 [info ] [MainThread]:   dataproc_cluster_name: None
[0m13:06:32.913775 [info ] [MainThread]:   gcs_bucket: None
[0m13:06:32.914386 [info ] [MainThread]:   dataproc_batch: None
[0m13:06:32.915631 [info ] [MainThread]: Registered adapter: bigquery=1.9.1
[0m13:06:33.232533 [debug] [MainThread]: Acquiring new bigquery connection 'debug'
[0m13:06:33.233640 [debug] [MainThread]: On debug: select 1 as id
[0m13:06:33.234326 [debug] [MainThread]: Opening a new connection, currently in state init
[0m13:06:33.677480 [debug] [MainThread]: BigQuery adapter: https://console.cloud.google.com/bigquery?project=dataengineeringproject-454111&j=bq:US:97f36da7-5958-4025-b71a-55e30c10a123&page=queryresults
[0m13:06:34.011025 [info ] [MainThread]:   Connection test: [[32mOK connection ok[0m]

[0m13:06:34.012030 [info ] [MainThread]: [31m1 check failed:[0m
[0m13:06:34.012717 [info ] [MainThread]: Project loading failed for the following reason:
 project path </home/jom/dep_project1/dez-project/dbt_core/dbt_project.yml> not found

[0m13:06:34.014420 [debug] [MainThread]: Resource report: {"command_name": "debug", "command_success": false, "command_wall_clock_time": 2.2386498, "process_in_blocks": "0", "process_kernel_time": 0.255092, "process_mem_max_rss": "198028", "process_out_blocks": "24", "process_user_time": 3.614983}
[0m13:06:34.015278 [debug] [MainThread]: Command `dbt debug` failed at 13:06:34.015074 after 2.24 seconds
[0m13:06:34.015969 [debug] [MainThread]: Connection 'debug' was properly closed.
[0m13:06:34.016704 [debug] [MainThread]: Sending event: {'category': 'dbt', 'action': 'invocation', 'label': 'end', 'context': [<snowplow_tracker.self_describing_json.SelfDescribingJson object at 0x7f39dbbd7970>, <snowplow_tracker.self_describing_json.SelfDescribingJson object at 0x7f39c20e9fd0>, <snowplow_tracker.self_describing_json.SelfDescribingJson object at 0x7f39dba825e0>]}
[0m13:06:34.017517 [debug] [MainThread]: Flushing usage events
[0m13:06:34.174128 [debug] [MainThread]: An error was encountered while trying to flush usage events
